{"contracts\\ZKIdentity.sol":{"l":{"29":0,"32":0,"38":0,"39":0,"41":0,"42":0,"50":0,"51":0,"52":0,"56":0,"57":0,"66":0,"67":0},"path":"E:\\Hackthon\\zk-identify\\contracts\\ZKIdentity.sol","s":{"1":0,"2":0,"3":0,"4":0,"5":0,"6":0,"7":0,"8":0,"9":0,"10":0,"11":0},"b":{"1":[0,0],"2":[0,0],"3":[0,0],"4":[0,0]},"f":{"1":0,"2":0,"3":0},"fnMap":{"1":{"name":"registerIdentity","line":28,"loc":{"start":{"line":28,"column":4},"end":{"line":43,"column":4}}},"2":{"name":"verifyIdentity","line":49,"loc":{"start":{"line":49,"column":4},"end":{"line":58,"column":4}}},"3":{"name":"isVerified","line":65,"loc":{"start":{"line":65,"column":4},"end":{"line":68,"column":4}}}},"statementMap":{"1":{"start":{"line":29,"column":8},"end":{"line":29,"column":87}},"2":{"start":{"line":32,"column":8},"end":{"line":32,"column":1222}},"3":{"start":{"line":38,"column":8},"end":{"line":38,"column":55}},"4":{"start":{"line":39,"column":8},"end":{"line":39,"column":57}},"5":{"start":{"line":42,"column":8},"end":{"line":42,"column":57}},"6":{"start":{"line":50,"column":8},"end":{"line":50,"column":51}},"7":{"start":{"line":51,"column":8},"end":{"line":51,"column":68}},"8":{"start":{"line":52,"column":8},"end":{"line":52,"column":78}},"9":{"start":{"line":57,"column":8},"end":{"line":57,"column":43}},"10":{"start":{"line":66,"column":8},"end":{"line":66,"column":51}},"11":{"start":{"line":67,"column":8},"end":{"line":67,"column":77}}},"branchMap":{"1":{"line":29,"type":"if","locations":[{"start":{"line":29,"column":8},"end":{"line":29,"column":8}},{"start":{"line":29,"column":8},"end":{"line":29,"column":8}}]},"2":{"line":39,"type":"if","locations":[{"start":{"line":39,"column":8},"end":{"line":39,"column":8}},{"start":{"line":39,"column":8},"end":{"line":39,"column":8}}]},"3":{"line":51,"type":"if","locations":[{"start":{"line":51,"column":8},"end":{"line":51,"column":8}},{"start":{"line":51,"column":8},"end":{"line":51,"column":8}}]},"4":{"line":52,"type":"if","locations":[{"start":{"line":52,"column":8},"end":{"line":52,"column":8}},{"start":{"line":52,"column":8},"end":{"line":52,"column":8}}]}}}}